<?xml version="1.0" encoding="UTF-8"?>
<testng-results ignored="0" total="4" passed="3" failed="1" skipped="0">
  <reporter-output>
  </reporter-output>
  <suite started-at="2021-07-29T07:59:44 IST" name="Suite" finished-at="2021-07-29T08:00:07 IST" duration-ms="23232">
    <groups>
    </groups>
    <test started-at="2021-07-29T07:59:44 IST" name="Test1" finished-at="2021-07-29T07:59:56 IST" duration-ms="12871">
      <class name="endtoend.HomePage">
        <test-method is-config="true" signature="initialize()[pri:0, instance:endtoend.HomePage@5ebd56e9]" started-at="2021-07-29T07:59:44 IST" name="initialize" finished-at="2021-07-29T07:59:48 IST" duration-ms="4403" status="PASS">
          <reporter-output>
          </reporter-output>
        </test-method> <!-- initialize -->
        <test-method signature="basePageNavigation(java.lang.String,java.lang.String)[pri:0, instance:endtoend.HomePage@5ebd56e9]" started-at="2021-07-29T07:59:48 IST" name="basePageNavigation" data-provider="dataGettr" finished-at="2021-07-29T07:59:54 IST" duration-ms="6312" status="PASS">
          <params>
            <param index="0">
              <value>
                <![CDATA[nonrestricteduser@qw.com]]>
              </value>
            </param>
            <param index="1">
              <value>
                <![CDATA[123456]]>
              </value>
            </param>
          </params>
          <reporter-output>
          </reporter-output>
        </test-method> <!-- basePageNavigation -->
        <test-method signature="basePageNavigation(java.lang.String,java.lang.String)[pri:0, instance:endtoend.HomePage@5ebd56e9]" started-at="2021-07-29T07:59:54 IST" name="basePageNavigation" data-provider="dataGettr" finished-at="2021-07-29T07:59:56 IST" duration-ms="2069" status="PASS">
          <params>
            <param index="0">
              <value>
                <![CDATA[restricteduser@qw.com]]>
              </value>
            </param>
            <param index="1">
              <value>
                <![CDATA[123456]]>
              </value>
            </param>
          </params>
          <reporter-output>
          </reporter-output>
        </test-method> <!-- basePageNavigation -->
        <test-method is-config="true" signature="closeBrowser()[pri:0, instance:endtoend.HomePage@5ebd56e9]" started-at="2021-07-29T07:59:56 IST" name="closeBrowser" finished-at="2021-07-29T07:59:56 IST" duration-ms="46" status="PASS">
          <reporter-output>
          </reporter-output>
        </test-method> <!-- closeBrowser -->
      </class> <!-- endtoend.HomePage -->
    </test> <!-- Test1 -->
    <test started-at="2021-07-29T07:59:57 IST" name="Test2" finished-at="2021-07-29T08:00:02 IST" duration-ms="4676">
      <class name="endtoend.ValidateNavigationBar">
        <test-method is-config="true" signature="initialize()[pri:0, instance:endtoend.ValidateNavigationBar@3a0807b7]" started-at="2021-07-29T07:59:57 IST" name="initialize" finished-at="2021-07-29T08:00:01 IST" duration-ms="4400" status="PASS">
          <reporter-output>
          </reporter-output>
        </test-method> <!-- initialize -->
        <test-method signature="validateNavigationBar()[pri:0, instance:endtoend.ValidateNavigationBar@3a0807b7]" started-at="2021-07-29T08:00:01 IST" name="validateNavigationBar" finished-at="2021-07-29T08:00:02 IST" duration-ms="168" status="PASS">
          <reporter-output>
          </reporter-output>
        </test-method> <!-- validateNavigationBar -->
        <test-method is-config="true" signature="closeBrowser()[pri:0, instance:endtoend.ValidateNavigationBar@3a0807b7]" started-at="2021-07-29T08:00:02 IST" name="closeBrowser" finished-at="2021-07-29T08:00:02 IST" duration-ms="106" status="PASS">
          <reporter-output>
          </reporter-output>
        </test-method> <!-- closeBrowser -->
      </class> <!-- endtoend.ValidateNavigationBar -->
    </test> <!-- Test2 -->
    <test started-at="2021-07-29T08:00:02 IST" name="Test3" finished-at="2021-07-29T08:00:07 IST" duration-ms="5123">
      <class name="endtoend.ValidateTitle">
        <test-method is-config="true" signature="initialize()[pri:0, instance:endtoend.ValidateTitle@30b34287]" started-at="2021-07-29T08:00:02 IST" name="initialize" finished-at="2021-07-29T08:00:06 IST" duration-ms="4614" status="PASS">
          <reporter-output>
          </reporter-output>
        </test-method> <!-- initialize -->
        <test-method signature="validateTitle()[pri:0, instance:endtoend.ValidateTitle@30b34287]" started-at="2021-07-29T08:00:06 IST" name="validateTitle" finished-at="2021-07-29T08:00:06 IST" duration-ms="61" status="FAIL">
          <exception class="java.lang.AssertionError">
            <message>
              <![CDATA[expected [FEATURED COURSES123] but found [FEATURED COURSES]]]>
            </message>
            <full-stacktrace>
              <![CDATA[java.lang.AssertionError: expected [FEATURED COURSES123] but found [FEATURED COURSES]
at org.testng.Assert.fail(Assert.java:99)
at org.testng.Assert.failNotEquals(Assert.java:1037)
at org.testng.Assert.assertEqualsImpl(Assert.java:140)
at org.testng.Assert.assertEquals(Assert.java:122)
at org.testng.Assert.assertEquals(Assert.java:629)
at org.testng.Assert.assertEquals(Assert.java:639)
at endtoend.ValidateTitle.validateTitle(ValidateTitle.java:30)
at java.base/jdk.internal.reflect.NativeMethodAccessorImpl.invoke0(Native Method)
at java.base/jdk.internal.reflect.NativeMethodAccessorImpl.invoke(NativeMethodAccessorImpl.java:62)
at java.base/jdk.internal.reflect.DelegatingMethodAccessorImpl.invoke(DelegatingMethodAccessorImpl.java:43)
at java.base/java.lang.reflect.Method.invoke(Method.java:566)
at org.testng.internal.MethodInvocationHelper.invokeMethod(MethodInvocationHelper.java:133)
at org.testng.internal.TestInvoker.invokeMethod(TestInvoker.java:598)
at org.testng.internal.TestInvoker.invokeTestMethod(TestInvoker.java:173)
at org.testng.internal.MethodRunner.runInSequence(MethodRunner.java:46)
at org.testng.internal.TestInvoker$MethodInvocationAgent.invoke(TestInvoker.java:824)
at org.testng.internal.TestInvoker.invokeTestMethods(TestInvoker.java:146)
at org.testng.internal.TestMethodWorker.invokeTestMethods(TestMethodWorker.java:146)
at org.testng.internal.TestMethodWorker.run(TestMethodWorker.java:128)
at java.base/java.util.ArrayList.forEach(ArrayList.java:1541)
at org.testng.TestRunner.privateRun(TestRunner.java:794)
at org.testng.TestRunner.run(TestRunner.java:596)
at org.testng.SuiteRunner.runTest(SuiteRunner.java:377)
at org.testng.SuiteRunner.runSequentially(SuiteRunner.java:371)
at org.testng.SuiteRunner.privateRun(SuiteRunner.java:332)
at org.testng.SuiteRunner.run(SuiteRunner.java:276)
at org.testng.SuiteRunnerWorker.runSuite(SuiteRunnerWorker.java:53)
at org.testng.SuiteRunnerWorker.run(SuiteRunnerWorker.java:96)
at org.testng.TestNG.runSuitesSequentially(TestNG.java:1212)
at org.testng.TestNG.runSuitesLocally(TestNG.java:1134)
at org.testng.TestNG.runSuites(TestNG.java:1063)
at org.testng.TestNG.run(TestNG.java:1031)
at org.apache.maven.surefire.testng.TestNGExecutor.run(TestNGExecutor.java:284)
at org.apache.maven.surefire.testng.TestNGXmlTestSuite.execute(TestNGXmlTestSuite.java:75)
at org.apache.maven.surefire.testng.TestNGProvider.invoke(TestNGProvider.java:119)
at org.apache.maven.surefire.booter.ForkedBooter.runSuitesInProcess(ForkedBooter.java:428)
at org.apache.maven.surefire.booter.ForkedBooter.execute(ForkedBooter.java:162)
at org.apache.maven.surefire.booter.ForkedBooter.run(ForkedBooter.java:562)
at org.apache.maven.surefire.booter.ForkedBooter.main(ForkedBooter.java:548)
]]>
            </full-stacktrace>
          </exception> <!-- java.lang.AssertionError -->
          <reporter-output>
          </reporter-output>
        </test-method> <!-- validateTitle -->
        <test-method is-config="true" signature="closeBrowser()[pri:0, instance:endtoend.ValidateTitle@30b34287]" started-at="2021-07-29T08:00:07 IST" name="closeBrowser" finished-at="2021-07-29T08:00:07 IST" duration-ms="84" status="PASS">
          <reporter-output>
          </reporter-output>
        </test-method> <!-- closeBrowser -->
      </class> <!-- endtoend.ValidateTitle -->
    </test> <!-- Test3 -->
  </suite> <!-- Suite -->
</testng-results>
